<?xml version="1.0" encoding="UTF-8"?>
<!-- Generated by org.testng.reporters.JUnitReportReporter -->
<testsuite hostname="sushils-MacBook-Air.local" failures="0" tests="1" name="com.test.parabank.HomePage" time="89.462" errors="0" timestamp="26 Jan 2020 12:44:57 GMT" skipped="0">
  <testcase classname="com.test.parabank.HomePage" name="testHomePgae" time="89.462"/>
</testsuite> <!-- com.test.parabank.HomePage -->
