<?xml version="1.0" encoding="UTF-8"?>
<!-- Generated by org.testng.reporters.JUnitReportReporter -->
<testsuite hostname="pch-ee210988" failures="0" tests="1" name="com.test.parabank.TestAdminPage" time="12.205" errors="0" timestamp="2020-01-30T17:04:17 IST" skipped="0">
  <testcase classname="com.test.parabank.TestAdminPage" name="adminTest" time="12.205"/>
  <system-out/>
</testsuite> <!-- com.test.parabank.TestAdminPage -->
