<?xml version="1.0" encoding="UTF-8"?>
<!-- Generated by org.testng.reporters.JUnitReportReporter -->
<testsuite hostname="pch-ee210988" failures="0" tests="1" name="com.test.parabank.TestAdminPage" time="35.434" errors="0" timestamp="2020-01-29T23:08:19 IST" skipped="0">
  <testcase classname="com.test.parabank.TestAdminPage" name="adminTest" time="35.434"/>
  <system-out/>
</testsuite> <!-- com.test.parabank.TestAdminPage -->
