<?xml version="1.0" encoding="UTF-8"?>
<!-- Generated by org.testng.reporters.JUnitReportReporter -->
<testsuite hostname="sushils-MacBook-Air.local" failures="0" tests="2" name="com.test.parabank.TestHomePage" time="11.601" errors="0" timestamp="2020-02-01T08:34:10 IST" skipped="1">
  <testcase classname="com.test.parabank.TestHomePage" name="testCustomerCare" time="11.601"/>
  <system-out/>
  <testcase classname="com.test.parabank.TestHomePage" name="testAboutUs">
    <skipped/>
  </testcase> <!-- testAboutUs -->
  <system-out/>
</testsuite> <!-- com.test.parabank.TestHomePage -->
