<?xml version="1.0" encoding="UTF-8"?>
<!-- Generated by org.testng.reporters.JUnitReportReporter -->
<testsuite hostname="sushils-MacBook-Air.local" failures="0" tests="1" name="com.test.excels.ExcelOperations" time="1.123" errors="0" timestamp="2020-02-06T18:28:03 IST" skipped="0">
  <testcase classname="com.test.excels.ExcelOperations" name="excelOperations" time="1.123"/>
  <system-out/>
</testsuite> <!-- com.test.excels.ExcelOperations -->
