<?xml version="1.0" encoding="UTF-8"?>
<!-- Generated by org.testng.reporters.JUnitReportReporter -->
<testsuite hostname="sushils-MacBook-Air.local" failures="0" tests="6" name="com.test.parabank.TestAdminPage" time="20.275" errors="0" timestamp="2020-02-03T19:29:23 IST" skipped="4">
  <testcase classname="com.test.parabank.TestAdminPage" name="testApplicationSettings" time="10.497"/>
  <system-out/>
  <testcase classname="com.test.parabank.TestAdminPage" name="triggerBrowser" time="9.778"/>
  <system-out/>
  <testcase classname="com.test.parabank.TestAdminPage" name="applicationSettings">
    <skipped/>
  </testcase> <!-- applicationSettings -->
  <system-out/>
  <testcase classname="com.test.parabank.TestAdminPage" name="adminTest">
    <skipped/>
  </testcase> <!-- adminTest -->
  <system-out/>
  <testcase classname="com.test.parabank.TestAdminPage" name="testWebService">
    <skipped/>
  </testcase> <!-- testWebService -->
  <system-out/>
  <testcase classname="com.test.parabank.TestAdminPage" name="testAccessMode">
    <skipped/>
  </testcase> <!-- testAccessMode -->
  <system-out/>
</testsuite> <!-- com.test.parabank.TestAdminPage -->
