<?xml version="1.0" encoding="UTF-8"?>
<!-- Generated by org.testng.reporters.JUnitReportReporter -->
<testsuite hostname="pch-ee210988" failures="0" tests="4" name="com.test.parabank.TestAdminPage" time="16.750" errors="0" timestamp="2020-01-31T20:34:08 IST" skipped="2">
  <testcase classname="com.test.parabank.TestAdminPage" name="triggerBrowser" time="8.262"/>
  <system-out/>
  <testcase classname="com.test.parabank.TestAdminPage" name="testWebService" time="8.488"/>
  <system-out/>
  <testcase classname="com.test.parabank.TestAdminPage" name="adminTest">
    <skipped/>
  </testcase> <!-- adminTest -->
  <system-out/>
  <testcase classname="com.test.parabank.TestAdminPage" name="testAccessMode">
    <skipped/>
  </testcase> <!-- testAccessMode -->
  <system-out/>
</testsuite> <!-- com.test.parabank.TestAdminPage -->
