<?xml version="1.0" encoding="UTF-8"?>
<!-- Generated by org.testng.reporters.JUnitReportReporter -->
<testsuite hostname="sushils-MacBook-Air.local" failures="0" tests="2" name="com.test.parabank.PracticeClass2" time="2.940" errors="0" timestamp="2020-02-05T23:39:25 IST" skipped="0">
  <testcase classname="com.test.parabank.PracticeClass2" name="triggerBrowser" time="1.706"/>
  <system-out/>
  <testcase classname="com.test.parabank.PracticeClass2" name="testAccessMode" time="1.234"/>
  <system-out/>
</testsuite> <!-- com.test.parabank.PracticeClass2 -->
