<?xml version="1.0" encoding="UTF-8"?>
<!-- Generated by org.testng.reporters.JUnitReportReporter -->
<testsuite hostname="sushils-MacBook-Air.local" failures="0" tests="5" name="com.test.parabank.TestAdminPage" time="17.044" errors="0" timestamp="2020-02-03T17:40:32 IST" skipped="1">
  <testcase classname="com.test.parabank.TestAdminPage" name="testAccessMode" time="0.968"/>
  <system-out/>
  <testcase classname="com.test.parabank.TestAdminPage" name="triggerBrowser" time="0.899"/>
  <system-out/>
  <testcase classname="com.test.parabank.TestAdminPage" name="applicationSettings" time="0.107"/>
  <system-out/>
  <testcase classname="com.test.parabank.TestAdminPage" name="adminTest" time="15.070"/>
  <system-out/>
  <testcase classname="com.test.parabank.TestAdminPage" name="testWebService">
    <skipped/>
  </testcase> <!-- testWebService -->
  <system-out/>
</testsuite> <!-- com.test.parabank.TestAdminPage -->
