<?xml version="1.0" encoding="UTF-8"?>
<!-- Generated by org.testng.reporters.JUnitReportReporter -->
<testsuite hostname="pch-ee210988" failures="0" tests="2" name="com.test.parabank.TestHomePage" time="25.320" errors="0" timestamp="2020-01-29T13:04:17 IST" skipped="1">
  <testcase classname="com.test.parabank.TestHomePage" name="testCustomerCare" time="25.320"/>
  <system-out/>
  <testcase classname="com.test.parabank.TestHomePage" name="testAboutUs">
    <skipped/>
  </testcase> <!-- testAboutUs -->
  <system-out/>
</testsuite> <!-- com.test.parabank.TestHomePage -->
