<?xml version="1.0" encoding="UTF-8"?>
<!-- Generated by org.testng.reporters.JUnitReportReporter -->
<testsuite hostname="sushils-MacBook-Air.local" failures="0" tests="6" name="com.test.parabank.TestAdminPage" time="18.734" errors="0" timestamp="2020-02-03T20:15:20 IST" skipped="0">
  <testcase classname="com.test.parabank.TestAdminPage" name="triggerBrowser" time="0.988"/>
  <system-out/>
  <testcase classname="com.test.parabank.TestAdminPage" name="applicationSettings" time="0.075"/>
  <system-out/>
  <testcase classname="com.test.parabank.TestAdminPage" name="testApplicationSettings" time="8.254"/>
  <system-out/>
  <testcase classname="com.test.parabank.TestAdminPage" name="adminTest" time="6.756"/>
  <system-out/>
  <testcase classname="com.test.parabank.TestAdminPage" name="testWebService" time="1.703"/>
  <system-out/>
  <testcase classname="com.test.parabank.TestAdminPage" name="testAccessMode" time="0.958"/>
  <system-out/>
</testsuite> <!-- com.test.parabank.TestAdminPage -->
