<?xml version="1.0" encoding="UTF-8"?>
<!-- Generated by org.testng.reporters.JUnitReportReporter -->
<testsuite hostname="sushils-Air" failures="0" tests="1" name="com.test.parabank.TestHomePage" time="14.932" errors="0" timestamp="27 Jan 2020 18:26:02 GMT" skipped="0">
  <testcase classname="com.test.parabank.TestHomePage" name="testHomePgae" time="14.932"/>
</testsuite> <!-- com.test.parabank.TestHomePage -->
