<?xml version="1.0" encoding="UTF-8"?>
<!-- Generated by org.testng.reporters.JUnitReportReporter -->
<testsuite hostname="pch-ee210988" failures="0" tests="2" name="com.test.parabank.TestHomePage" time="25.485" errors="0" timestamp="2020-01-28T17:58:14 IST" skipped="0">
  <testcase classname="com.test.parabank.TestHomePage" name="testAboutUs" time="24.021"/>
  <system-out/>
  <testcase classname="com.test.parabank.TestHomePage" name="testCustomerCare" time="1.464"/>
  <system-out/>
</testsuite> <!-- com.test.parabank.TestHomePage -->
