<?xml version="1.0" encoding="UTF-8"?>
<!-- Generated by org.testng.reporters.JUnitReportReporter -->
<testsuite hostname="sushils-MacBook-Air.local" failures="0" tests="4" name="com.test.parabank.PracticeClass" time="0.005" errors="0" timestamp="2020-02-05T22:52:19 IST" skipped="0">
  <testcase classname="com.test.parabank.PracticeClass" name="test2" time="0.001"/>
  <system-out/>
  <testcase classname="com.test.parabank.PracticeClass" name="test1" time="0.001"/>
  <system-out/>
  <testcase classname="com.test.parabank.PracticeClass" name="test3" time="0.001"/>
  <system-out/>
  <testcase classname="com.test.parabank.PracticeClass" name="test4" time="0.002"/>
  <system-out/>
</testsuite> <!-- com.test.parabank.PracticeClass -->
