<?xml version="1.0" encoding="UTF-8"?>
<!-- Generated by org.testng.reporters.JUnitReportReporter -->
<testsuite hostname="pch-ee210988" failures="0" tests="4" name="com.test.parabank.PracticeClass" time="0.074" errors="0" timestamp="2020-02-04T20:19:56 IST" skipped="0">
  <testcase classname="com.test.parabank.PracticeClass" name="test3" time="0.000"/>
  <system-out/>
  <testcase classname="com.test.parabank.PracticeClass" name="test1" time="0.072"/>
  <system-out/>
  <testcase classname="com.test.parabank.PracticeClass" name="test2" time="0.001"/>
  <system-out/>
  <testcase classname="com.test.parabank.PracticeClass" name="test4" time="0.001"/>
  <system-out/>
</testsuite> <!-- com.test.parabank.PracticeClass -->
