<?xml version="1.0" encoding="UTF-8"?>
<!-- Generated by org.testng.reporters.JUnitReportReporter -->
<testsuite hostname="pch-ee210988" failures="0" tests="2" name="com.test.parabank.PracticeClass2" time="13.432" errors="0" timestamp="2020-02-05T20:38:09 IST" skipped="0">
  <testcase classname="com.test.parabank.PracticeClass2" name="testAccessMode" time="1.006"/>
  <system-out/>
  <testcase classname="com.test.parabank.PracticeClass2" name="triggerBrowser" time="12.426"/>
  <system-out/>
</testsuite> <!-- com.test.parabank.PracticeClass2 -->
