<?xml version="1.0" encoding="UTF-8"?>
<!-- Generated by org.testng.reporters.JUnitReportReporter -->
<testsuite hostname="sushils-MacBook-Air.local" failures="0" tests="4" name="com.test.parabank.TestAdminPage" time="2.182" errors="0" timestamp="2020-02-01T09:01:36 IST" skipped="2">
  <testcase classname="com.test.parabank.TestAdminPage" name="testWebService" time="1.090"/>
  <system-out/>
  <testcase classname="com.test.parabank.TestAdminPage" name="triggerBrowser" time="1.092"/>
  <system-out/>
  <testcase classname="com.test.parabank.TestAdminPage" name="adminTest">
    <skipped/>
  </testcase> <!-- adminTest -->
  <system-out/>
  <testcase classname="com.test.parabank.TestAdminPage" name="testAccessMode">
    <skipped/>
  </testcase> <!-- testAccessMode -->
  <system-out/>
</testsuite> <!-- com.test.parabank.TestAdminPage -->
