<?xml version="1.0" encoding="UTF-8"?>
<!-- Generated by org.testng.reporters.JUnitReportReporter -->
<testsuite hostname="pch-ee210988" failures="0" tests="2" name="com.test.parabank.TestHomePage" time="25.627" errors="0" timestamp="2020-01-28T20:09:22 IST" skipped="0">
  <testcase classname="com.test.parabank.TestHomePage" name="testCustomerCare" time="1.640"/>
  <system-out/>
  <testcase classname="com.test.parabank.TestHomePage" name="testAboutUs" time="23.987"/>
  <system-out/>
</testsuite> <!-- com.test.parabank.TestHomePage -->
