<?xml version="1.0" encoding="UTF-8"?>
<!-- Generated by org.testng.reporters.JUnitReportReporter -->
<testsuite hostname="pch-ee210988" failures="0" tests="2" name="com.test.parabank.TestHomePage" time="35.547" errors="0" timestamp="2020-01-28T19:47:55 IST" skipped="0">
  <testcase classname="com.test.parabank.TestHomePage" name="testAboutUs" time="33.069"/>
  <system-out/>
  <testcase classname="com.test.parabank.TestHomePage" name="testCustomerCare" time="2.478"/>
  <system-out/>
</testsuite> <!-- com.test.parabank.TestHomePage -->
